Determining if the pthread_create exist failed with the following output:
Change Dir: /home/agilex/Documents/workspace/eie/agilex_soft/agx1/build/CMakeFiles/CMakeTmp

Run Build Command:"/usr/bin/make" "cmTC_ae201/fast"
/usr/bin/make -f CMakeFiles/cmTC_ae201.dir/build.make CMakeFiles/cmTC_ae201.dir/build
make[1]: Entering directory '/home/agilex/Documents/workspace/eie/agilex_soft/agx1/build/CMakeFiles/CMakeTmp'
Building C object CMakeFiles/cmTC_ae201.dir/CheckSymbolExists.c.o
/usr/bin/clang    -o CMakeFiles/cmTC_ae201.dir/CheckSymbolExists.c.o   -c /home/agilex/Documents/workspace/eie/agilex_soft/agx1/build/CMakeFiles/CMakeTmp/CheckSymbolExists.c
Linking C executable cmTC_ae201
/usr/bin/cmake -E cmake_link_script CMakeFiles/cmTC_ae201.dir/link.txt --verbose=1
/usr/bin/clang      -rdynamic CMakeFiles/cmTC_ae201.dir/CheckSymbolExists.c.o  -o cmTC_ae201 
CMakeFiles/cmTC_ae201.dir/CheckSymbolExists.c.o: In function `main':
CheckSymbolExists.c:(.text+0x4): undefined reference to `pthread_create'
CheckSymbolExists.c:(.text+0x8): undefined reference to `pthread_create'
clang: error: linker command failed with exit code 1 (use -v to see invocation)
CMakeFiles/cmTC_ae201.dir/build.make:97: recipe for target 'cmTC_ae201' failed
make[1]: *** [cmTC_ae201] Error 1
make[1]: Leaving directory '/home/agilex/Documents/workspace/eie/agilex_soft/agx1/build/CMakeFiles/CMakeTmp'
Makefile:126: recipe for target 'cmTC_ae201/fast' failed
make: *** [cmTC_ae201/fast] Error 2

File /home/agilex/Documents/workspace/eie/agilex_soft/agx1/build/CMakeFiles/CMakeTmp/CheckSymbolExists.c:
/* */
#include <pthread.h>

int main(int argc, char** argv)
{
  (void)argv;
#ifndef pthread_create
  return ((int*)(&pthread_create))[argc];
#else
  (void)argc;
  return 0;
#endif
}

Determining if the function pthread_create exists in the pthreads failed with the following output:
Change Dir: /home/agilex/Documents/workspace/eie/agilex_soft/agx1/build/CMakeFiles/CMakeTmp

Run Build Command:"/usr/bin/make" "cmTC_1f337/fast"
/usr/bin/make -f CMakeFiles/cmTC_1f337.dir/build.make CMakeFiles/cmTC_1f337.dir/build
make[1]: Entering directory '/home/agilex/Documents/workspace/eie/agilex_soft/agx1/build/CMakeFiles/CMakeTmp'
Building C object CMakeFiles/cmTC_1f337.dir/CheckFunctionExists.c.o
/usr/bin/clang   -DCHECK_FUNCTION_EXISTS=pthread_create   -o CMakeFiles/cmTC_1f337.dir/CheckFunctionExists.c.o   -c /usr/share/cmake-3.10/Modules/CheckFunctionExists.c
Linking C executable cmTC_1f337
/usr/bin/cmake -E cmake_link_script CMakeFiles/cmTC_1f337.dir/link.txt --verbose=1
/usr/bin/clang  -DCHECK_FUNCTION_EXISTS=pthread_create    -rdynamic CMakeFiles/cmTC_1f337.dir/CheckFunctionExists.c.o  -o cmTC_1f337 -lpthreads 
/usr/bin/ld: cannot find -lpthreads
clang: error: linker command failed with exit code 1 (use -v to see invocation)
CMakeFiles/cmTC_1f337.dir/build.make:97: recipe for target 'cmTC_1f337' failed
make[1]: *** [cmTC_1f337] Error 1
make[1]: Leaving directory '/home/agilex/Documents/workspace/eie/agilex_soft/agx1/build/CMakeFiles/CMakeTmp'
Makefile:126: recipe for target 'cmTC_1f337/fast' failed
make: *** [cmTC_1f337/fast] Error 2


