The system is: Linux - 4.9.140-tegra - aarch64
Compiling the C compiler identification source file "CMakeCCompilerId.c" succeeded.
Compiler: /usr/bin/clang 
Build flags: 
Id flags:  

The output was:
0


Compilation of the C compiler identification source "CMakeCCompilerId.c" produced "a.out"

The C compiler identification is Clang, found in "/home/agilex/Documents/workspace/eie/agilex_soft/agx1/build/CMakeFiles/3.10.2/CompilerIdC/a.out"

Compiling the CXX compiler identification source file "CMakeCXXCompilerId.cpp" succeeded.
Compiler: /usr/bin/clang++ 
Build flags: 
Id flags:  

The output was:
0


Compilation of the CXX compiler identification source "CMakeCXXCompilerId.cpp" produced "a.out"

The CXX compiler identification is Clang, found in "/home/agilex/Documents/workspace/eie/agilex_soft/agx1/build/CMakeFiles/3.10.2/CompilerIdCXX/a.out"

Determining if the C compiler works passed with the following output:
Change Dir: /home/agilex/Documents/workspace/eie/agilex_soft/agx1/build/CMakeFiles/CMakeTmp

Run Build Command:"/usr/bin/make" "cmTC_f2198/fast"
/usr/bin/make -f CMakeFiles/cmTC_f2198.dir/build.make CMakeFiles/cmTC_f2198.dir/build
make[1]: Entering directory '/home/agilex/Documents/workspace/eie/agilex_soft/agx1/build/CMakeFiles/CMakeTmp'
Building C object CMakeFiles/cmTC_f2198.dir/testCCompiler.c.o
/usr/bin/clang    -o CMakeFiles/cmTC_f2198.dir/testCCompiler.c.o   -c /home/agilex/Documents/workspace/eie/agilex_soft/agx1/build/CMakeFiles/CMakeTmp/testCCompiler.c
Linking C executable cmTC_f2198
/usr/bin/cmake -E cmake_link_script CMakeFiles/cmTC_f2198.dir/link.txt --verbose=1
/usr/bin/clang      -rdynamic CMakeFiles/cmTC_f2198.dir/testCCompiler.c.o  -o cmTC_f2198 
make[1]: Leaving directory '/home/agilex/Documents/workspace/eie/agilex_soft/agx1/build/CMakeFiles/CMakeTmp'


Detecting C compiler ABI info compiled with the following output:
Change Dir: /home/agilex/Documents/workspace/eie/agilex_soft/agx1/build/CMakeFiles/CMakeTmp

Run Build Command:"/usr/bin/make" "cmTC_3a8ca/fast"
/usr/bin/make -f CMakeFiles/cmTC_3a8ca.dir/build.make CMakeFiles/cmTC_3a8ca.dir/build
make[1]: Entering directory '/home/agilex/Documents/workspace/eie/agilex_soft/agx1/build/CMakeFiles/CMakeTmp'
Building C object CMakeFiles/cmTC_3a8ca.dir/CMakeCCompilerABI.c.o
/usr/bin/clang    -o CMakeFiles/cmTC_3a8ca.dir/CMakeCCompilerABI.c.o   -c /usr/share/cmake-3.10/Modules/CMakeCCompilerABI.c
Linking C executable cmTC_3a8ca
/usr/bin/cmake -E cmake_link_script CMakeFiles/cmTC_3a8ca.dir/link.txt --verbose=1
/usr/bin/clang     -v -rdynamic CMakeFiles/cmTC_3a8ca.dir/CMakeCCompilerABI.c.o  -o cmTC_3a8ca 
clang version 6.0.0-1ubuntu2 (tags/RELEASE_600/final)
Target: aarch64-unknown-linux-gnu
Thread model: posix
InstalledDir: /usr/bin
Found candidate GCC installation: /usr/bin/../lib/gcc/aarch64-linux-gnu/7
Found candidate GCC installation: /usr/bin/../lib/gcc/aarch64-linux-gnu/7.5.0
Found candidate GCC installation: /usr/bin/../lib/gcc/aarch64-linux-gnu/8
Found candidate GCC installation: /usr/lib/gcc/aarch64-linux-gnu/7
Found candidate GCC installation: /usr/lib/gcc/aarch64-linux-gnu/7.5.0
Found candidate GCC installation: /usr/lib/gcc/aarch64-linux-gnu/8
Selected GCC installation: /usr/bin/../lib/gcc/aarch64-linux-gnu/7.5.0
Candidate multilib: .;@m64
Selected multilib: .;@m64
Found CUDA installation: /usr/local/cuda, version unknown
 "/usr/bin/ld" -export-dynamic -z relro --hash-style=gnu --eh-frame-hdr -m aarch64linux -export-dynamic -dynamic-linker /lib/ld-linux-aarch64.so.1 -o cmTC_3a8ca /usr/bin/../lib/gcc/aarch64-linux-gnu/7.5.0/../../../aarch64-linux-gnu/crt1.o /usr/bin/../lib/gcc/aarch64-linux-gnu/7.5.0/../../../aarch64-linux-gnu/crti.o /usr/bin/../lib/gcc/aarch64-linux-gnu/7.5.0/crtbegin.o -L/usr/bin/../lib/gcc/aarch64-linux-gnu/7.5.0 -L/usr/bin/../lib/gcc/aarch64-linux-gnu/7.5.0/../../../aarch64-linux-gnu -L/lib/aarch64-linux-gnu -L/usr/lib/aarch64-linux-gnu -L/usr/bin/../lib/gcc/aarch64-linux-gnu/7.5.0/../../.. -L/usr/lib/llvm-6.0/bin/../lib -L/lib -L/usr/lib CMakeFiles/cmTC_3a8ca.dir/CMakeCCompilerABI.c.o -lgcc --as-needed -lgcc_s --no-as-needed -lc -lgcc --as-needed -lgcc_s --no-as-needed /usr/bin/../lib/gcc/aarch64-linux-gnu/7.5.0/crtend.o /usr/bin/../lib/gcc/aarch64-linux-gnu/7.5.0/../../../aarch64-linux-gnu/crtn.o
make[1]: Leaving directory '/home/agilex/Documents/workspace/eie/agilex_soft/agx1/build/CMakeFiles/CMakeTmp'


Parsed C implicit link information from above output:
  link line regex: [^( *|.*[/\])(ld|CMAKE_LINK_STARTFILE-NOTFOUND|([^/\]+-)?ld|collect2)[^/\]*( |$)]
  ignore line: [Change Dir: /home/agilex/Documents/workspace/eie/agilex_soft/agx1/build/CMakeFiles/CMakeTmp]
  ignore line: []
  ignore line: [Run Build Command:"/usr/bin/make" "cmTC_3a8ca/fast"]
  ignore line: [/usr/bin/make -f CMakeFiles/cmTC_3a8ca.dir/build.make CMakeFiles/cmTC_3a8ca.dir/build]
  ignore line: [make[1]: Entering directory '/home/agilex/Documents/workspace/eie/agilex_soft/agx1/build/CMakeFiles/CMakeTmp']
  ignore line: [Building C object CMakeFiles/cmTC_3a8ca.dir/CMakeCCompilerABI.c.o]
  ignore line: [/usr/bin/clang    -o CMakeFiles/cmTC_3a8ca.dir/CMakeCCompilerABI.c.o   -c /usr/share/cmake-3.10/Modules/CMakeCCompilerABI.c]
  ignore line: [Linking C executable cmTC_3a8ca]
  ignore line: [/usr/bin/cmake -E cmake_link_script CMakeFiles/cmTC_3a8ca.dir/link.txt --verbose=1]
  ignore line: [/usr/bin/clang     -v -rdynamic CMakeFiles/cmTC_3a8ca.dir/CMakeCCompilerABI.c.o  -o cmTC_3a8ca ]
  ignore line: [clang version 6.0.0-1ubuntu2 (tags/RELEASE_600/final)]
  ignore line: [Target: aarch64-unknown-linux-gnu]
  ignore line: [Thread model: posix]
  ignore line: [InstalledDir: /usr/bin]
  ignore line: [Found candidate GCC installation: /usr/bin/../lib/gcc/aarch64-linux-gnu/7]
  ignore line: [Found candidate GCC installation: /usr/bin/../lib/gcc/aarch64-linux-gnu/7.5.0]
  ignore line: [Found candidate GCC installation: /usr/bin/../lib/gcc/aarch64-linux-gnu/8]
  ignore line: [Found candidate GCC installation: /usr/lib/gcc/aarch64-linux-gnu/7]
  ignore line: [Found candidate GCC installation: /usr/lib/gcc/aarch64-linux-gnu/7.5.0]
  ignore line: [Found candidate GCC installation: /usr/lib/gcc/aarch64-linux-gnu/8]
  ignore line: [Selected GCC installation: /usr/bin/../lib/gcc/aarch64-linux-gnu/7.5.0]
  ignore line: [Candidate multilib: .]
  ignore line: [@m64]
  ignore line: [Selected multilib: .]
  ignore line: [@m64]
  ignore line: [Found CUDA installation: /usr/local/cuda, version unknown]
  link line: [ "/usr/bin/ld" -export-dynamic -z relro --hash-style=gnu --eh-frame-hdr -m aarch64linux -export-dynamic -dynamic-linker /lib/ld-linux-aarch64.so.1 -o cmTC_3a8ca /usr/bin/../lib/gcc/aarch64-linux-gnu/7.5.0/../../../aarch64-linux-gnu/crt1.o /usr/bin/../lib/gcc/aarch64-linux-gnu/7.5.0/../../../aarch64-linux-gnu/crti.o /usr/bin/../lib/gcc/aarch64-linux-gnu/7.5.0/crtbegin.o -L/usr/bin/../lib/gcc/aarch64-linux-gnu/7.5.0 -L/usr/bin/../lib/gcc/aarch64-linux-gnu/7.5.0/../../../aarch64-linux-gnu -L/lib/aarch64-linux-gnu -L/usr/lib/aarch64-linux-gnu -L/usr/bin/../lib/gcc/aarch64-linux-gnu/7.5.0/../../.. -L/usr/lib/llvm-6.0/bin/../lib -L/lib -L/usr/lib CMakeFiles/cmTC_3a8ca.dir/CMakeCCompilerABI.c.o -lgcc --as-needed -lgcc_s --no-as-needed -lc -lgcc --as-needed -lgcc_s --no-as-needed /usr/bin/../lib/gcc/aarch64-linux-gnu/7.5.0/crtend.o /usr/bin/../lib/gcc/aarch64-linux-gnu/7.5.0/../../../aarch64-linux-gnu/crtn.o]
    arg [/usr/bin/ld] ==> ignore
    arg [-export-dynamic] ==> ignore
    arg [-zrelro] ==> ignore
    arg [--hash-style=gnu] ==> ignore
    arg [--eh-frame-hdr] ==> ignore
    arg [-m] ==> ignore
    arg [aarch64linux] ==> ignore
    arg [-export-dynamic] ==> ignore
    arg [-dynamic-linker] ==> ignore
    arg [/lib/ld-linux-aarch64.so.1] ==> ignore
    arg [-o] ==> ignore
    arg [cmTC_3a8ca] ==> ignore
    arg [/usr/bin/../lib/gcc/aarch64-linux-gnu/7.5.0/../../../aarch64-linux-gnu/crt1.o] ==> ignore
    arg [/usr/bin/../lib/gcc/aarch64-linux-gnu/7.5.0/../../../aarch64-linux-gnu/crti.o] ==> ignore
    arg [/usr/bin/../lib/gcc/aarch64-linux-gnu/7.5.0/crtbegin.o] ==> ignore
    arg [-L/usr/bin/../lib/gcc/aarch64-linux-gnu/7.5.0] ==> dir [/usr/bin/../lib/gcc/aarch64-linux-gnu/7.5.0]
    arg [-L/usr/bin/../lib/gcc/aarch64-linux-gnu/7.5.0/../../../aarch64-linux-gnu] ==> dir [/usr/bin/../lib/gcc/aarch64-linux-gnu/7.5.0/../../../aarch64-linux-gnu]
    arg [-L/lib/aarch64-linux-gnu] ==> dir [/lib/aarch64-linux-gnu]
    arg [-L/usr/lib/aarch64-linux-gnu] ==> dir [/usr/lib/aarch64-linux-gnu]
    arg [-L/usr/bin/../lib/gcc/aarch64-linux-gnu/7.5.0/../../..] ==> dir [/usr/bin/../lib/gcc/aarch64-linux-gnu/7.5.0/../../..]
    arg [-L/usr/lib/llvm-6.0/bin/../lib] ==> dir [/usr/lib/llvm-6.0/bin/../lib]
    arg [-L/lib] ==> dir [/lib]
    arg [-L/usr/lib] ==> dir [/usr/lib]
    arg [CMakeFiles/cmTC_3a8ca.dir/CMakeCCompilerABI.c.o] ==> ignore
    arg [-lgcc] ==> lib [gcc]
    arg [--as-needed] ==> ignore
    arg [-lgcc_s] ==> lib [gcc_s]
    arg [--no-as-needed] ==> ignore
    arg [-lc] ==> lib [c]
    arg [-lgcc] ==> lib [gcc]
    arg [--as-needed] ==> ignore
    arg [-lgcc_s] ==> lib [gcc_s]
    arg [--no-as-needed] ==> ignore
    arg [/usr/bin/../lib/gcc/aarch64-linux-gnu/7.5.0/crtend.o] ==> ignore
    arg [/usr/bin/../lib/gcc/aarch64-linux-gnu/7.5.0/../../../aarch64-linux-gnu/crtn.o] ==> ignore
  collapse library dir [/usr/bin/../lib/gcc/aarch64-linux-gnu/7.5.0] ==> [/usr/lib/gcc/aarch64-linux-gnu/7.5.0]
  collapse library dir [/usr/bin/../lib/gcc/aarch64-linux-gnu/7.5.0/../../../aarch64-linux-gnu] ==> [/usr/lib/aarch64-linux-gnu]
  collapse library dir [/lib/aarch64-linux-gnu] ==> [/lib/aarch64-linux-gnu]
  collapse library dir [/usr/lib/aarch64-linux-gnu] ==> [/usr/lib/aarch64-linux-gnu]
  collapse library dir [/usr/bin/../lib/gcc/aarch64-linux-gnu/7.5.0/../../..] ==> [/usr/lib]
  collapse library dir [/usr/lib/llvm-6.0/bin/../lib] ==> [/usr/lib/llvm-6.0/lib]
  collapse library dir [/lib] ==> [/lib]
  collapse library dir [/usr/lib] ==> [/usr/lib]
  implicit libs: [gcc;gcc_s;c;gcc;gcc_s]
  implicit dirs: [/usr/lib/gcc/aarch64-linux-gnu/7.5.0;/usr/lib/aarch64-linux-gnu;/lib/aarch64-linux-gnu;/usr/lib;/usr/lib/llvm-6.0/lib;/lib]
  implicit fwks: []




Detecting C [-std=c11] compiler features compiled with the following output:
Change Dir: /home/agilex/Documents/workspace/eie/agilex_soft/agx1/build/CMakeFiles/CMakeTmp

Run Build Command:"/usr/bin/make" "cmTC_42676/fast"
/usr/bin/make -f CMakeFiles/cmTC_42676.dir/build.make CMakeFiles/cmTC_42676.dir/build
make[1]: Entering directory '/home/agilex/Documents/workspace/eie/agilex_soft/agx1/build/CMakeFiles/CMakeTmp'
Building C object CMakeFiles/cmTC_42676.dir/feature_tests.c.o
/usr/bin/clang   -std=c11 -o CMakeFiles/cmTC_42676.dir/feature_tests.c.o   -c /home/agilex/Documents/workspace/eie/agilex_soft/agx1/build/CMakeFiles/feature_tests.c
Linking C executable cmTC_42676
/usr/bin/cmake -E cmake_link_script CMakeFiles/cmTC_42676.dir/link.txt --verbose=1
/usr/bin/clang      -rdynamic CMakeFiles/cmTC_42676.dir/feature_tests.c.o  -o cmTC_42676 
make[1]: Leaving directory '/home/agilex/Documents/workspace/eie/agilex_soft/agx1/build/CMakeFiles/CMakeTmp'


    Feature record: C_FEATURE:1c_function_prototypes
    Feature record: C_FEATURE:1c_restrict
    Feature record: C_FEATURE:1c_static_assert
    Feature record: C_FEATURE:1c_variadic_macros


Detecting C [-std=c99] compiler features compiled with the following output:
Change Dir: /home/agilex/Documents/workspace/eie/agilex_soft/agx1/build/CMakeFiles/CMakeTmp

Run Build Command:"/usr/bin/make" "cmTC_0acfb/fast"
/usr/bin/make -f CMakeFiles/cmTC_0acfb.dir/build.make CMakeFiles/cmTC_0acfb.dir/build
make[1]: Entering directory '/home/agilex/Documents/workspace/eie/agilex_soft/agx1/build/CMakeFiles/CMakeTmp'
Building C object CMakeFiles/cmTC_0acfb.dir/feature_tests.c.o
/usr/bin/clang   -std=c99 -o CMakeFiles/cmTC_0acfb.dir/feature_tests.c.o   -c /home/agilex/Documents/workspace/eie/agilex_soft/agx1/build/CMakeFiles/feature_tests.c
Linking C executable cmTC_0acfb
/usr/bin/cmake -E cmake_link_script CMakeFiles/cmTC_0acfb.dir/link.txt --verbose=1
/usr/bin/clang      -rdynamic CMakeFiles/cmTC_0acfb.dir/feature_tests.c.o  -o cmTC_0acfb 
make[1]: Leaving directory '/home/agilex/Documents/workspace/eie/agilex_soft/agx1/build/CMakeFiles/CMakeTmp'


    Feature record: C_FEATURE:1c_function_prototypes
    Feature record: C_FEATURE:1c_restrict
    Feature record: C_FEATURE:0c_static_assert
    Feature record: C_FEATURE:1c_variadic_macros


Detecting C [-std=c90] compiler features compiled with the following output:
Change Dir: /home/agilex/Documents/workspace/eie/agilex_soft/agx1/build/CMakeFiles/CMakeTmp

Run Build Command:"/usr/bin/make" "cmTC_34068/fast"
/usr/bin/make -f CMakeFiles/cmTC_34068.dir/build.make CMakeFiles/cmTC_34068.dir/build
make[1]: Entering directory '/home/agilex/Documents/workspace/eie/agilex_soft/agx1/build/CMakeFiles/CMakeTmp'
Building C object CMakeFiles/cmTC_34068.dir/feature_tests.c.o
/usr/bin/clang   -std=c90 -o CMakeFiles/cmTC_34068.dir/feature_tests.c.o   -c /home/agilex/Documents/workspace/eie/agilex_soft/agx1/build/CMakeFiles/feature_tests.c
Linking C executable cmTC_34068
/usr/bin/cmake -E cmake_link_script CMakeFiles/cmTC_34068.dir/link.txt --verbose=1
/usr/bin/clang      -rdynamic CMakeFiles/cmTC_34068.dir/feature_tests.c.o  -o cmTC_34068 
make[1]: Leaving directory '/home/agilex/Documents/workspace/eie/agilex_soft/agx1/build/CMakeFiles/CMakeTmp'


    Feature record: C_FEATURE:1c_function_prototypes
    Feature record: C_FEATURE:0c_restrict
    Feature record: C_FEATURE:0c_static_assert
    Feature record: C_FEATURE:0c_variadic_macros
Determining if the CXX compiler works passed with the following output:
Change Dir: /home/agilex/Documents/workspace/eie/agilex_soft/agx1/build/CMakeFiles/CMakeTmp

Run Build Command:"/usr/bin/make" "cmTC_d2e33/fast"
/usr/bin/make -f CMakeFiles/cmTC_d2e33.dir/build.make CMakeFiles/cmTC_d2e33.dir/build
make[1]: Entering directory '/home/agilex/Documents/workspace/eie/agilex_soft/agx1/build/CMakeFiles/CMakeTmp'
Building CXX object CMakeFiles/cmTC_d2e33.dir/testCXXCompiler.cxx.o
/usr/bin/clang++     -o CMakeFiles/cmTC_d2e33.dir/testCXXCompiler.cxx.o -c /home/agilex/Documents/workspace/eie/agilex_soft/agx1/build/CMakeFiles/CMakeTmp/testCXXCompiler.cxx
Linking CXX executable cmTC_d2e33
/usr/bin/cmake -E cmake_link_script CMakeFiles/cmTC_d2e33.dir/link.txt --verbose=1
/usr/bin/clang++       -rdynamic CMakeFiles/cmTC_d2e33.dir/testCXXCompiler.cxx.o  -o cmTC_d2e33 
make[1]: Leaving directory '/home/agilex/Documents/workspace/eie/agilex_soft/agx1/build/CMakeFiles/CMakeTmp'


Detecting CXX compiler ABI info compiled with the following output:
Change Dir: /home/agilex/Documents/workspace/eie/agilex_soft/agx1/build/CMakeFiles/CMakeTmp

Run Build Command:"/usr/bin/make" "cmTC_9df20/fast"
/usr/bin/make -f CMakeFiles/cmTC_9df20.dir/build.make CMakeFiles/cmTC_9df20.dir/build
make[1]: Entering directory '/home/agilex/Documents/workspace/eie/agilex_soft/agx1/build/CMakeFiles/CMakeTmp'
Building CXX object CMakeFiles/cmTC_9df20.dir/CMakeCXXCompilerABI.cpp.o
/usr/bin/clang++     -o CMakeFiles/cmTC_9df20.dir/CMakeCXXCompilerABI.cpp.o -c /usr/share/cmake-3.10/Modules/CMakeCXXCompilerABI.cpp
Linking CXX executable cmTC_9df20
/usr/bin/cmake -E cmake_link_script CMakeFiles/cmTC_9df20.dir/link.txt --verbose=1
/usr/bin/clang++      -v -rdynamic CMakeFiles/cmTC_9df20.dir/CMakeCXXCompilerABI.cpp.o  -o cmTC_9df20 
clang version 6.0.0-1ubuntu2 (tags/RELEASE_600/final)
Target: aarch64-unknown-linux-gnu
Thread model: posix
InstalledDir: /usr/bin
Found candidate GCC installation: /usr/bin/../lib/gcc/aarch64-linux-gnu/7
Found candidate GCC installation: /usr/bin/../lib/gcc/aarch64-linux-gnu/7.5.0
Found candidate GCC installation: /usr/bin/../lib/gcc/aarch64-linux-gnu/8
Found candidate GCC installation: /usr/lib/gcc/aarch64-linux-gnu/7
Found candidate GCC installation: /usr/lib/gcc/aarch64-linux-gnu/7.5.0
Found candidate GCC installation: /usr/lib/gcc/aarch64-linux-gnu/8
Selected GCC installation: /usr/bin/../lib/gcc/aarch64-linux-gnu/7.5.0
Candidate multilib: .;@m64
Selected multilib: .;@m64
Found CUDA installation: /usr/local/cuda, version unknown
 "/usr/bin/ld" -export-dynamic -z relro --hash-style=gnu --eh-frame-hdr -m aarch64linux -export-dynamic -dynamic-linker /lib/ld-linux-aarch64.so.1 -o cmTC_9df20 /usr/bin/../lib/gcc/aarch64-linux-gnu/7.5.0/../../../aarch64-linux-gnu/crt1.o /usr/bin/../lib/gcc/aarch64-linux-gnu/7.5.0/../../../aarch64-linux-gnu/crti.o /usr/bin/../lib/gcc/aarch64-linux-gnu/7.5.0/crtbegin.o -L/usr/bin/../lib/gcc/aarch64-linux-gnu/7.5.0 -L/usr/bin/../lib/gcc/aarch64-linux-gnu/7.5.0/../../../aarch64-linux-gnu -L/lib/aarch64-linux-gnu -L/usr/lib/aarch64-linux-gnu -L/usr/bin/../lib/gcc/aarch64-linux-gnu/7.5.0/../../.. -L/usr/lib/llvm-6.0/bin/../lib -L/lib -L/usr/lib CMakeFiles/cmTC_9df20.dir/CMakeCXXCompilerABI.cpp.o -lstdc++ -lm -lgcc_s -lgcc -lc -lgcc_s -lgcc /usr/bin/../lib/gcc/aarch64-linux-gnu/7.5.0/crtend.o /usr/bin/../lib/gcc/aarch64-linux-gnu/7.5.0/../../../aarch64-linux-gnu/crtn.o
make[1]: Leaving directory '/home/agilex/Documents/workspace/eie/agilex_soft/agx1/build/CMakeFiles/CMakeTmp'


Parsed CXX implicit link information from above output:
  link line regex: [^( *|.*[/\])(ld|CMAKE_LINK_STARTFILE-NOTFOUND|([^/\]+-)?ld|collect2)[^/\]*( |$)]
  ignore line: [Change Dir: /home/agilex/Documents/workspace/eie/agilex_soft/agx1/build/CMakeFiles/CMakeTmp]
  ignore line: []
  ignore line: [Run Build Command:"/usr/bin/make" "cmTC_9df20/fast"]
  ignore line: [/usr/bin/make -f CMakeFiles/cmTC_9df20.dir/build.make CMakeFiles/cmTC_9df20.dir/build]
  ignore line: [make[1]: Entering directory '/home/agilex/Documents/workspace/eie/agilex_soft/agx1/build/CMakeFiles/CMakeTmp']
  ignore line: [Building CXX object CMakeFiles/cmTC_9df20.dir/CMakeCXXCompilerABI.cpp.o]
  ignore line: [/usr/bin/clang++     -o CMakeFiles/cmTC_9df20.dir/CMakeCXXCompilerABI.cpp.o -c /usr/share/cmake-3.10/Modules/CMakeCXXCompilerABI.cpp]
  ignore line: [Linking CXX executable cmTC_9df20]
  ignore line: [/usr/bin/cmake -E cmake_link_script CMakeFiles/cmTC_9df20.dir/link.txt --verbose=1]
  ignore line: [/usr/bin/clang++      -v -rdynamic CMakeFiles/cmTC_9df20.dir/CMakeCXXCompilerABI.cpp.o  -o cmTC_9df20 ]
  ignore line: [clang version 6.0.0-1ubuntu2 (tags/RELEASE_600/final)]
  ignore line: [Target: aarch64-unknown-linux-gnu]
  ignore line: [Thread model: posix]
  ignore line: [InstalledDir: /usr/bin]
  ignore line: [Found candidate GCC installation: /usr/bin/../lib/gcc/aarch64-linux-gnu/7]
  ignore line: [Found candidate GCC installation: /usr/bin/../lib/gcc/aarch64-linux-gnu/7.5.0]
  ignore line: [Found candidate GCC installation: /usr/bin/../lib/gcc/aarch64-linux-gnu/8]
  ignore line: [Found candidate GCC installation: /usr/lib/gcc/aarch64-linux-gnu/7]
  ignore line: [Found candidate GCC installation: /usr/lib/gcc/aarch64-linux-gnu/7.5.0]
  ignore line: [Found candidate GCC installation: /usr/lib/gcc/aarch64-linux-gnu/8]
  ignore line: [Selected GCC installation: /usr/bin/../lib/gcc/aarch64-linux-gnu/7.5.0]
  ignore line: [Candidate multilib: .]
  ignore line: [@m64]
  ignore line: [Selected multilib: .]
  ignore line: [@m64]
  ignore line: [Found CUDA installation: /usr/local/cuda, version unknown]
  link line: [ "/usr/bin/ld" -export-dynamic -z relro --hash-style=gnu --eh-frame-hdr -m aarch64linux -export-dynamic -dynamic-linker /lib/ld-linux-aarch64.so.1 -o cmTC_9df20 /usr/bin/../lib/gcc/aarch64-linux-gnu/7.5.0/../../../aarch64-linux-gnu/crt1.o /usr/bin/../lib/gcc/aarch64-linux-gnu/7.5.0/../../../aarch64-linux-gnu/crti.o /usr/bin/../lib/gcc/aarch64-linux-gnu/7.5.0/crtbegin.o -L/usr/bin/../lib/gcc/aarch64-linux-gnu/7.5.0 -L/usr/bin/../lib/gcc/aarch64-linux-gnu/7.5.0/../../../aarch64-linux-gnu -L/lib/aarch64-linux-gnu -L/usr/lib/aarch64-linux-gnu -L/usr/bin/../lib/gcc/aarch64-linux-gnu/7.5.0/../../.. -L/usr/lib/llvm-6.0/bin/../lib -L/lib -L/usr/lib CMakeFiles/cmTC_9df20.dir/CMakeCXXCompilerABI.cpp.o -lstdc++ -lm -lgcc_s -lgcc -lc -lgcc_s -lgcc /usr/bin/../lib/gcc/aarch64-linux-gnu/7.5.0/crtend.o /usr/bin/../lib/gcc/aarch64-linux-gnu/7.5.0/../../../aarch64-linux-gnu/crtn.o]
    arg [/usr/bin/ld] ==> ignore
    arg [-export-dynamic] ==> ignore
    arg [-zrelro] ==> ignore
    arg [--hash-style=gnu] ==> ignore
    arg [--eh-frame-hdr] ==> ignore
    arg [-m] ==> ignore
    arg [aarch64linux] ==> ignore
    arg [-export-dynamic] ==> ignore
    arg [-dynamic-linker] ==> ignore
    arg [/lib/ld-linux-aarch64.so.1] ==> ignore
    arg [-o] ==> ignore
    arg [cmTC_9df20] ==> ignore
    arg [/usr/bin/../lib/gcc/aarch64-linux-gnu/7.5.0/../../../aarch64-linux-gnu/crt1.o] ==> ignore
    arg [/usr/bin/../lib/gcc/aarch64-linux-gnu/7.5.0/../../../aarch64-linux-gnu/crti.o] ==> ignore
    arg [/usr/bin/../lib/gcc/aarch64-linux-gnu/7.5.0/crtbegin.o] ==> ignore
    arg [-L/usr/bin/../lib/gcc/aarch64-linux-gnu/7.5.0] ==> dir [/usr/bin/../lib/gcc/aarch64-linux-gnu/7.5.0]
    arg [-L/usr/bin/../lib/gcc/aarch64-linux-gnu/7.5.0/../../../aarch64-linux-gnu] ==> dir [/usr/bin/../lib/gcc/aarch64-linux-gnu/7.5.0/../../../aarch64-linux-gnu]
    arg [-L/lib/aarch64-linux-gnu] ==> dir [/lib/aarch64-linux-gnu]
    arg [-L/usr/lib/aarch64-linux-gnu] ==> dir [/usr/lib/aarch64-linux-gnu]
    arg [-L/usr/bin/../lib/gcc/aarch64-linux-gnu/7.5.0/../../..] ==> dir [/usr/bin/../lib/gcc/aarch64-linux-gnu/7.5.0/../../..]
    arg [-L/usr/lib/llvm-6.0/bin/../lib] ==> dir [/usr/lib/llvm-6.0/bin/../lib]
    arg [-L/lib] ==> dir [/lib]
    arg [-L/usr/lib] ==> dir [/usr/lib]
    arg [CMakeFiles/cmTC_9df20.dir/CMakeCXXCompilerABI.cpp.o] ==> ignore
    arg [-lstdc++] ==> lib [stdc++]
    arg [-lm] ==> lib [m]
    arg [-lgcc_s] ==> lib [gcc_s]
    arg [-lgcc] ==> lib [gcc]
    arg [-lc] ==> lib [c]
    arg [-lgcc_s] ==> lib [gcc_s]
    arg [-lgcc] ==> lib [gcc]
    arg [/usr/bin/../lib/gcc/aarch64-linux-gnu/7.5.0/crtend.o] ==> ignore
    arg [/usr/bin/../lib/gcc/aarch64-linux-gnu/7.5.0/../../../aarch64-linux-gnu/crtn.o] ==> ignore
  collapse library dir [/usr/bin/../lib/gcc/aarch64-linux-gnu/7.5.0] ==> [/usr/lib/gcc/aarch64-linux-gnu/7.5.0]
  collapse library dir [/usr/bin/../lib/gcc/aarch64-linux-gnu/7.5.0/../../../aarch64-linux-gnu] ==> [/usr/lib/aarch64-linux-gnu]
  collapse library dir [/lib/aarch64-linux-gnu] ==> [/lib/aarch64-linux-gnu]
  collapse library dir [/usr/lib/aarch64-linux-gnu] ==> [/usr/lib/aarch64-linux-gnu]
  collapse library dir [/usr/bin/../lib/gcc/aarch64-linux-gnu/7.5.0/../../..] ==> [/usr/lib]
  collapse library dir [/usr/lib/llvm-6.0/bin/../lib] ==> [/usr/lib/llvm-6.0/lib]
  collapse library dir [/lib] ==> [/lib]
  collapse library dir [/usr/lib] ==> [/usr/lib]
  implicit libs: [stdc++;m;gcc_s;gcc;c;gcc_s;gcc]
  implicit dirs: [/usr/lib/gcc/aarch64-linux-gnu/7.5.0;/usr/lib/aarch64-linux-gnu;/lib/aarch64-linux-gnu;/usr/lib;/usr/lib/llvm-6.0/lib;/lib]
  implicit fwks: []




Detecting CXX [-std=c++1z] compiler features compiled with the following output:
Change Dir: /home/agilex/Documents/workspace/eie/agilex_soft/agx1/build/CMakeFiles/CMakeTmp

Run Build Command:"/usr/bin/make" "cmTC_bba53/fast"
/usr/bin/make -f CMakeFiles/cmTC_bba53.dir/build.make CMakeFiles/cmTC_bba53.dir/build
make[1]: Entering directory '/home/agilex/Documents/workspace/eie/agilex_soft/agx1/build/CMakeFiles/CMakeTmp'
Building CXX object CMakeFiles/cmTC_bba53.dir/feature_tests.cxx.o
/usr/bin/clang++    -std=c++1z -o CMakeFiles/cmTC_bba53.dir/feature_tests.cxx.o -c /home/agilex/Documents/workspace/eie/agilex_soft/agx1/build/CMakeFiles/feature_tests.cxx
Linking CXX executable cmTC_bba53
/usr/bin/cmake -E cmake_link_script CMakeFiles/cmTC_bba53.dir/link.txt --verbose=1
/usr/bin/clang++       -rdynamic CMakeFiles/cmTC_bba53.dir/feature_tests.cxx.o  -o cmTC_bba53 
make[1]: Leaving directory '/home/agilex/Documents/workspace/eie/agilex_soft/agx1/build/CMakeFiles/CMakeTmp'


    Feature record: CXX_FEATURE:1cxx_aggregate_default_initializers
    Feature record: CXX_FEATURE:1cxx_alias_templates
    Feature record: CXX_FEATURE:1cxx_alignas
    Feature record: CXX_FEATURE:1cxx_alignof
    Feature record: CXX_FEATURE:1cxx_attributes
    Feature record: CXX_FEATURE:1cxx_attribute_deprecated
    Feature record: CXX_FEATURE:1cxx_auto_type
    Feature record: CXX_FEATURE:1cxx_binary_literals
    Feature record: CXX_FEATURE:1cxx_constexpr
    Feature record: CXX_FEATURE:1cxx_contextual_conversions
    Feature record: CXX_FEATURE:1cxx_decltype
    Feature record: CXX_FEATURE:1cxx_decltype_auto
    Feature record: CXX_FEATURE:1cxx_decltype_incomplete_return_types
    Feature record: CXX_FEATURE:1cxx_default_function_template_args
    Feature record: CXX_FEATURE:1cxx_defaulted_functions
    Feature record: CXX_FEATURE:1cxx_defaulted_move_initializers
    Feature record: CXX_FEATURE:1cxx_delegating_constructors
    Feature record: CXX_FEATURE:1cxx_deleted_functions
    Feature record: CXX_FEATURE:1cxx_digit_separators
    Feature record: CXX_FEATURE:1cxx_enum_forward_declarations
    Feature record: CXX_FEATURE:1cxx_explicit_conversions
    Feature record: CXX_FEATURE:1cxx_extended_friend_declarations
    Feature record: CXX_FEATURE:1cxx_extern_templates
    Feature record: CXX_FEATURE:1cxx_final
    Feature record: CXX_FEATURE:1cxx_func_identifier
    Feature record: CXX_FEATURE:1cxx_generalized_initializers
    Feature record: CXX_FEATURE:1cxx_generic_lambdas
    Feature record: CXX_FEATURE:1cxx_inheriting_constructors
    Feature record: CXX_FEATURE:1cxx_inline_namespaces
    Feature record: CXX_FEATURE:1cxx_lambdas
    Feature record: CXX_FEATURE:1cxx_lambda_init_captures
    Feature record: CXX_FEATURE:1cxx_local_type_template_args
    Feature record: CXX_FEATURE:1cxx_long_long_type
    Feature record: CXX_FEATURE:1cxx_noexcept
    Feature record: CXX_FEATURE:1cxx_nonstatic_member_init
    Feature record: CXX_FEATURE:1cxx_nullptr
    Feature record: CXX_FEATURE:1cxx_override
    Feature record: CXX_FEATURE:1cxx_range_for
    Feature record: CXX_FEATURE:1cxx_raw_string_literals
    Feature record: CXX_FEATURE:1cxx_reference_qualified_functions
    Feature record: CXX_FEATURE:1cxx_relaxed_constexpr
    Feature record: CXX_FEATURE:1cxx_return_type_deduction
    Feature record: CXX_FEATURE:1cxx_right_angle_brackets
    Feature record: CXX_FEATURE:1cxx_rvalue_references
    Feature record: CXX_FEATURE:1cxx_sizeof_member
    Feature record: CXX_FEATURE:1cxx_static_assert
    Feature record: CXX_FEATURE:1cxx_strong_enums
    Feature record: CXX_FEATURE:1cxx_template_template_parameters
    Feature record: CXX_FEATURE:1cxx_thread_local
    Feature record: CXX_FEATURE:1cxx_trailing_return_types
    Feature record: CXX_FEATURE:1cxx_unicode_literals
    Feature record: CXX_FEATURE:1cxx_uniform_initialization
    Feature record: CXX_FEATURE:1cxx_unrestricted_unions
    Feature record: CXX_FEATURE:1cxx_user_literals
    Feature record: CXX_FEATURE:1cxx_variable_templates
    Feature record: CXX_FEATURE:1cxx_variadic_macros
    Feature record: CXX_FEATURE:1cxx_variadic_templates


Detecting CXX [-std=c++14] compiler features compiled with the following output:
Change Dir: /home/agilex/Documents/workspace/eie/agilex_soft/agx1/build/CMakeFiles/CMakeTmp

Run Build Command:"/usr/bin/make" "cmTC_aad2f/fast"
/usr/bin/make -f CMakeFiles/cmTC_aad2f.dir/build.make CMakeFiles/cmTC_aad2f.dir/build
make[1]: Entering directory '/home/agilex/Documents/workspace/eie/agilex_soft/agx1/build/CMakeFiles/CMakeTmp'
Building CXX object CMakeFiles/cmTC_aad2f.dir/feature_tests.cxx.o
/usr/bin/clang++    -std=c++14 -o CMakeFiles/cmTC_aad2f.dir/feature_tests.cxx.o -c /home/agilex/Documents/workspace/eie/agilex_soft/agx1/build/CMakeFiles/feature_tests.cxx
Linking CXX executable cmTC_aad2f
/usr/bin/cmake -E cmake_link_script CMakeFiles/cmTC_aad2f.dir/link.txt --verbose=1
/usr/bin/clang++       -rdynamic CMakeFiles/cmTC_aad2f.dir/feature_tests.cxx.o  -o cmTC_aad2f 
make[1]: Leaving directory '/home/agilex/Documents/workspace/eie/agilex_soft/agx1/build/CMakeFiles/CMakeTmp'


    Feature record: CXX_FEATURE:1cxx_aggregate_default_initializers
    Feature record: CXX_FEATURE:1cxx_alias_templates
    Feature record: CXX_FEATURE:1cxx_alignas
    Feature record: CXX_FEATURE:1cxx_alignof
    Feature record: CXX_FEATURE:1cxx_attributes
    Feature record: CXX_FEATURE:1cxx_attribute_deprecated
    Feature record: CXX_FEATURE:1cxx_auto_type
    Feature record: CXX_FEATURE:1cxx_binary_literals
    Feature record: CXX_FEATURE:1cxx_constexpr
    Feature record: CXX_FEATURE:1cxx_contextual_conversions
    Feature record: CXX_FEATURE:1cxx_decltype
    Feature record: CXX_FEATURE:1cxx_decltype_auto
    Feature record: CXX_FEATURE:1cxx_decltype_incomplete_return_types
    Feature record: CXX_FEATURE:1cxx_default_function_template_args
    Feature record: CXX_FEATURE:1cxx_defaulted_functions
    Feature record: CXX_FEATURE:1cxx_defaulted_move_initializers
    Feature record: CXX_FEATURE:1cxx_delegating_constructors
    Feature record: CXX_FEATURE:1cxx_deleted_functions
    Feature record: CXX_FEATURE:1cxx_digit_separators
    Feature record: CXX_FEATURE:1cxx_enum_forward_declarations
    Feature record: CXX_FEATURE:1cxx_explicit_conversions
    Feature record: CXX_FEATURE:1cxx_extended_friend_declarations
    Feature record: CXX_FEATURE:1cxx_extern_templates
    Feature record: CXX_FEATURE:1cxx_final
    Feature record: CXX_FEATURE:1cxx_func_identifier
    Feature record: CXX_FEATURE:1cxx_generalized_initializers
    Feature record: CXX_FEATURE:1cxx_generic_lambdas
    Feature record: CXX_FEATURE:1cxx_inheriting_constructors
    Feature record: CXX_FEATURE:1cxx_inline_namespaces
    Feature record: CXX_FEATURE:1cxx_lambdas
    Feature record: CXX_FEATURE:1cxx_lambda_init_captures
    Feature record: CXX_FEATURE:1cxx_local_type_template_args
    Feature record: CXX_FEATURE:1cxx_long_long_type
    Feature record: CXX_FEATURE:1cxx_noexcept
    Feature record: CXX_FEATURE:1cxx_nonstatic_member_init
    Feature record: CXX_FEATURE:1cxx_nullptr
    Feature record: CXX_FEATURE:1cxx_override
    Feature record: CXX_FEATURE:1cxx_range_for
    Feature record: CXX_FEATURE:1cxx_raw_string_literals
    Feature record: CXX_FEATURE:1cxx_reference_qualified_functions
    Feature record: CXX_FEATURE:1cxx_relaxed_constexpr
    Feature record: CXX_FEATURE:1cxx_return_type_deduction
    Feature record: CXX_FEATURE:1cxx_right_angle_brackets
    Feature record: CXX_FEATURE:1cxx_rvalue_references
    Feature record: CXX_FEATURE:1cxx_sizeof_member
    Feature record: CXX_FEATURE:1cxx_static_assert
    Feature record: CXX_FEATURE:1cxx_strong_enums
    Feature record: CXX_FEATURE:1cxx_template_template_parameters
    Feature record: CXX_FEATURE:1cxx_thread_local
    Feature record: CXX_FEATURE:1cxx_trailing_return_types
    Feature record: CXX_FEATURE:1cxx_unicode_literals
    Feature record: CXX_FEATURE:1cxx_uniform_initialization
    Feature record: CXX_FEATURE:1cxx_unrestricted_unions
    Feature record: CXX_FEATURE:1cxx_user_literals
    Feature record: CXX_FEATURE:1cxx_variable_templates
    Feature record: CXX_FEATURE:1cxx_variadic_macros
    Feature record: CXX_FEATURE:1cxx_variadic_templates


Detecting CXX [-std=c++11] compiler features compiled with the following output:
Change Dir: /home/agilex/Documents/workspace/eie/agilex_soft/agx1/build/CMakeFiles/CMakeTmp

Run Build Command:"/usr/bin/make" "cmTC_19ee6/fast"
/usr/bin/make -f CMakeFiles/cmTC_19ee6.dir/build.make CMakeFiles/cmTC_19ee6.dir/build
make[1]: Entering directory '/home/agilex/Documents/workspace/eie/agilex_soft/agx1/build/CMakeFiles/CMakeTmp'
Building CXX object CMakeFiles/cmTC_19ee6.dir/feature_tests.cxx.o
/usr/bin/clang++    -std=c++11 -o CMakeFiles/cmTC_19ee6.dir/feature_tests.cxx.o -c /home/agilex/Documents/workspace/eie/agilex_soft/agx1/build/CMakeFiles/feature_tests.cxx
Linking CXX executable cmTC_19ee6
/usr/bin/cmake -E cmake_link_script CMakeFiles/cmTC_19ee6.dir/link.txt --verbose=1
/usr/bin/clang++       -rdynamic CMakeFiles/cmTC_19ee6.dir/feature_tests.cxx.o  -o cmTC_19ee6 
make[1]: Leaving directory '/home/agilex/Documents/workspace/eie/agilex_soft/agx1/build/CMakeFiles/CMakeTmp'


    Feature record: CXX_FEATURE:0cxx_aggregate_default_initializers
    Feature record: CXX_FEATURE:1cxx_alias_templates
    Feature record: CXX_FEATURE:1cxx_alignas
    Feature record: CXX_FEATURE:1cxx_alignof
    Feature record: CXX_FEATURE:1cxx_attributes
    Feature record: CXX_FEATURE:0cxx_attribute_deprecated
    Feature record: CXX_FEATURE:1cxx_auto_type
    Feature record: CXX_FEATURE:0cxx_binary_literals
    Feature record: CXX_FEATURE:1cxx_constexpr
    Feature record: CXX_FEATURE:0cxx_contextual_conversions
    Feature record: CXX_FEATURE:1cxx_decltype
    Feature record: CXX_FEATURE:0cxx_decltype_auto
    Feature record: CXX_FEATURE:1cxx_decltype_incomplete_return_types
    Feature record: CXX_FEATURE:1cxx_default_function_template_args
    Feature record: CXX_FEATURE:1cxx_defaulted_functions
    Feature record: CXX_FEATURE:1cxx_defaulted_move_initializers
    Feature record: CXX_FEATURE:1cxx_delegating_constructors
    Feature record: CXX_FEATURE:1cxx_deleted_functions
    Feature record: CXX_FEATURE:0cxx_digit_separators
    Feature record: CXX_FEATURE:1cxx_enum_forward_declarations
    Feature record: CXX_FEATURE:1cxx_explicit_conversions
    Feature record: CXX_FEATURE:1cxx_extended_friend_declarations
    Feature record: CXX_FEATURE:1cxx_extern_templates
    Feature record: CXX_FEATURE:1cxx_final
    Feature record: CXX_FEATURE:1cxx_func_identifier
    Feature record: CXX_FEATURE:1cxx_generalized_initializers
    Feature record: CXX_FEATURE:0cxx_generic_lambdas
    Feature record: CXX_FEATURE:1cxx_inheriting_constructors
    Feature record: CXX_FEATURE:1cxx_inline_namespaces
    Feature record: CXX_FEATURE:1cxx_lambdas
    Feature record: CXX_FEATURE:0cxx_lambda_init_captures
    Feature record: CXX_FEATURE:1cxx_local_type_template_args
    Feature record: CXX_FEATURE:1cxx_long_long_type
    Feature record: CXX_FEATURE:1cxx_noexcept
    Feature record: CXX_FEATURE:1cxx_nonstatic_member_init
    Feature record: CXX_FEATURE:1cxx_nullptr
    Feature record: CXX_FEATURE:1cxx_override
    Feature record: CXX_FEATURE:1cxx_range_for
    Feature record: CXX_FEATURE:1cxx_raw_string_literals
    Feature record: CXX_FEATURE:1cxx_reference_qualified_functions
    Feature record: CXX_FEATURE:0cxx_relaxed_constexpr
    Feature record: CXX_FEATURE:0cxx_return_type_deduction
    Feature record: CXX_FEATURE:1cxx_right_angle_brackets
    Feature record: CXX_FEATURE:1cxx_rvalue_references
    Feature record: CXX_FEATURE:1cxx_sizeof_member
    Feature record: CXX_FEATURE:1cxx_static_assert
    Feature record: CXX_FEATURE:1cxx_strong_enums
    Feature record: CXX_FEATURE:1cxx_template_template_parameters
    Feature record: CXX_FEATURE:1cxx_thread_local
    Feature record: CXX_FEATURE:1cxx_trailing_return_types
    Feature record: CXX_FEATURE:1cxx_unicode_literals
    Feature record: CXX_FEATURE:1cxx_uniform_initialization
    Feature record: CXX_FEATURE:1cxx_unrestricted_unions
    Feature record: CXX_FEATURE:1cxx_user_literals
    Feature record: CXX_FEATURE:0cxx_variable_templates
    Feature record: CXX_FEATURE:1cxx_variadic_macros
    Feature record: CXX_FEATURE:1cxx_variadic_templates


Detecting CXX [-std=c++98] compiler features compiled with the following output:
Change Dir: /home/agilex/Documents/workspace/eie/agilex_soft/agx1/build/CMakeFiles/CMakeTmp

Run Build Command:"/usr/bin/make" "cmTC_2e6fb/fast"
/usr/bin/make -f CMakeFiles/cmTC_2e6fb.dir/build.make CMakeFiles/cmTC_2e6fb.dir/build
make[1]: Entering directory '/home/agilex/Documents/workspace/eie/agilex_soft/agx1/build/CMakeFiles/CMakeTmp'
Building CXX object CMakeFiles/cmTC_2e6fb.dir/feature_tests.cxx.o
/usr/bin/clang++    -std=c++98 -o CMakeFiles/cmTC_2e6fb.dir/feature_tests.cxx.o -c /home/agilex/Documents/workspace/eie/agilex_soft/agx1/build/CMakeFiles/feature_tests.cxx
Linking CXX executable cmTC_2e6fb
/usr/bin/cmake -E cmake_link_script CMakeFiles/cmTC_2e6fb.dir/link.txt --verbose=1
/usr/bin/clang++       -rdynamic CMakeFiles/cmTC_2e6fb.dir/feature_tests.cxx.o  -o cmTC_2e6fb 
make[1]: Leaving directory '/home/agilex/Documents/workspace/eie/agilex_soft/agx1/build/CMakeFiles/CMakeTmp'


    Feature record: CXX_FEATURE:0cxx_aggregate_default_initializers
    Feature record: CXX_FEATURE:0cxx_alias_templates
    Feature record: CXX_FEATURE:0cxx_alignas
    Feature record: CXX_FEATURE:0cxx_alignof
    Feature record: CXX_FEATURE:0cxx_attributes
    Feature record: CXX_FEATURE:0cxx_attribute_deprecated
    Feature record: CXX_FEATURE:0cxx_auto_type
    Feature record: CXX_FEATURE:0cxx_binary_literals
    Feature record: CXX_FEATURE:0cxx_constexpr
    Feature record: CXX_FEATURE:0cxx_contextual_conversions
    Feature record: CXX_FEATURE:0cxx_decltype
    Feature record: CXX_FEATURE:0cxx_decltype_auto
    Feature record: CXX_FEATURE:0cxx_decltype_incomplete_return_types
    Feature record: CXX_FEATURE:0cxx_default_function_template_args
    Feature record: CXX_FEATURE:0cxx_defaulted_functions
    Feature record: CXX_FEATURE:0cxx_defaulted_move_initializers
    Feature record: CXX_FEATURE:0cxx_delegating_constructors
    Feature record: CXX_FEATURE:0cxx_deleted_functions
    Feature record: CXX_FEATURE:0cxx_digit_separators
    Feature record: CXX_FEATURE:0cxx_enum_forward_declarations
    Feature record: CXX_FEATURE:0cxx_explicit_conversions
    Feature record: CXX_FEATURE:0cxx_extended_friend_declarations
    Feature record: CXX_FEATURE:0cxx_extern_templates
    Feature record: CXX_FEATURE:0cxx_final
    Feature record: CXX_FEATURE:0cxx_func_identifier
    Feature record: CXX_FEATURE:0cxx_generalized_initializers
    Feature record: CXX_FEATURE:0cxx_generic_lambdas
    Feature record: CXX_FEATURE:0cxx_inheriting_constructors
    Feature record: CXX_FEATURE:0cxx_inline_namespaces
    Feature record: CXX_FEATURE:0cxx_lambdas
    Feature record: CXX_FEATURE:0cxx_lambda_init_captures
    Feature record: CXX_FEATURE:0cxx_local_type_template_args
    Feature record: CXX_FEATURE:0cxx_long_long_type
    Feature record: CXX_FEATURE:0cxx_noexcept
    Feature record: CXX_FEATURE:0cxx_nonstatic_member_init
    Feature record: CXX_FEATURE:0cxx_nullptr
    Feature record: CXX_FEATURE:0cxx_override
    Feature record: CXX_FEATURE:0cxx_range_for
    Feature record: CXX_FEATURE:0cxx_raw_string_literals
    Feature record: CXX_FEATURE:0cxx_reference_qualified_functions
    Feature record: CXX_FEATURE:0cxx_relaxed_constexpr
    Feature record: CXX_FEATURE:0cxx_return_type_deduction
    Feature record: CXX_FEATURE:0cxx_right_angle_brackets
    Feature record: CXX_FEATURE:0cxx_rvalue_references
    Feature record: CXX_FEATURE:0cxx_sizeof_member
    Feature record: CXX_FEATURE:0cxx_static_assert
    Feature record: CXX_FEATURE:0cxx_strong_enums
    Feature record: CXX_FEATURE:1cxx_template_template_parameters
    Feature record: CXX_FEATURE:0cxx_thread_local
    Feature record: CXX_FEATURE:0cxx_trailing_return_types
    Feature record: CXX_FEATURE:0cxx_unicode_literals
    Feature record: CXX_FEATURE:0cxx_uniform_initialization
    Feature record: CXX_FEATURE:0cxx_unrestricted_unions
    Feature record: CXX_FEATURE:0cxx_user_literals
    Feature record: CXX_FEATURE:0cxx_variable_templates
    Feature record: CXX_FEATURE:0cxx_variadic_macros
    Feature record: CXX_FEATURE:0cxx_variadic_templates
Determining if the include file pthread.h exists passed with the following output:
Change Dir: /home/agilex/Documents/workspace/eie/agilex_soft/agx1/build/CMakeFiles/CMakeTmp

Run Build Command:"/usr/bin/make" "cmTC_23451/fast"
/usr/bin/make -f CMakeFiles/cmTC_23451.dir/build.make CMakeFiles/cmTC_23451.dir/build
make[1]: Entering directory '/home/agilex/Documents/workspace/eie/agilex_soft/agx1/build/CMakeFiles/CMakeTmp'
Building C object CMakeFiles/cmTC_23451.dir/CheckIncludeFile.c.o
/usr/bin/clang    -o CMakeFiles/cmTC_23451.dir/CheckIncludeFile.c.o   -c /home/agilex/Documents/workspace/eie/agilex_soft/agx1/build/CMakeFiles/CMakeTmp/CheckIncludeFile.c
Linking C executable cmTC_23451
/usr/bin/cmake -E cmake_link_script CMakeFiles/cmTC_23451.dir/link.txt --verbose=1
/usr/bin/clang      -rdynamic CMakeFiles/cmTC_23451.dir/CheckIncludeFile.c.o  -o cmTC_23451 
make[1]: Leaving directory '/home/agilex/Documents/workspace/eie/agilex_soft/agx1/build/CMakeFiles/CMakeTmp'


Determining if the function pthread_create exists in the pthread passed with the following output:
Change Dir: /home/agilex/Documents/workspace/eie/agilex_soft/agx1/build/CMakeFiles/CMakeTmp

Run Build Command:"/usr/bin/make" "cmTC_77389/fast"
/usr/bin/make -f CMakeFiles/cmTC_77389.dir/build.make CMakeFiles/cmTC_77389.dir/build
make[1]: Entering directory '/home/agilex/Documents/workspace/eie/agilex_soft/agx1/build/CMakeFiles/CMakeTmp'
Building C object CMakeFiles/cmTC_77389.dir/CheckFunctionExists.c.o
/usr/bin/clang   -DCHECK_FUNCTION_EXISTS=pthread_create   -o CMakeFiles/cmTC_77389.dir/CheckFunctionExists.c.o   -c /usr/share/cmake-3.10/Modules/CheckFunctionExists.c
Linking C executable cmTC_77389
/usr/bin/cmake -E cmake_link_script CMakeFiles/cmTC_77389.dir/link.txt --verbose=1
/usr/bin/clang  -DCHECK_FUNCTION_EXISTS=pthread_create    -rdynamic CMakeFiles/cmTC_77389.dir/CheckFunctionExists.c.o  -o cmTC_77389 -lpthread 
make[1]: Leaving directory '/home/agilex/Documents/workspace/eie/agilex_soft/agx1/build/CMakeFiles/CMakeTmp'


