Performing C SOURCE FILE Test CMAKE_HAVE_LIBC_PTHREAD failed with the following output:
Change Dir: /home/zjj/Documents/eie/ICV_system/lab1/build/CMakeFiles/CMakeTmp

Run Build Command(s):/usr/bin/make cmTC_88783/fast && /usr/bin/make -f CMakeFiles/cmTC_88783.dir/build.make CMakeFiles/cmTC_88783.dir/build
make[1]: Entering directory '/home/zjj/Documents/eie/ICV_system/lab1/build/CMakeFiles/CMakeTmp'
Building C object CMakeFiles/cmTC_88783.dir/src.c.o
/usr/bin/clang   -DCMAKE_HAVE_LIBC_PTHREAD   -o CMakeFiles/cmTC_88783.dir/src.c.o   -c /home/zjj/Documents/eie/ICV_system/lab1/build/CMakeFiles/CMakeTmp/src.c
Linking C executable cmTC_88783
/usr/bin/cmake -E cmake_link_script CMakeFiles/cmTC_88783.dir/link.txt --verbose=1
/usr/bin/clang   -DCMAKE_HAVE_LIBC_PTHREAD    -rdynamic CMakeFiles/cmTC_88783.dir/src.c.o  -o cmTC_88783 
/usr/bin/ld: CMakeFiles/cmTC_88783.dir/src.c.o: in function `main':
src.c:(.text+0x35): undefined reference to `pthread_create'
/usr/bin/ld: src.c:(.text+0x41): undefined reference to `pthread_detach'
/usr/bin/ld: src.c:(.text+0x53): undefined reference to `pthread_join'
clang: error: linker command failed with exit code 1 (use -v to see invocation)
make[1]: *** [CMakeFiles/cmTC_88783.dir/build.make:87: cmTC_88783] Error 1
make[1]: Leaving directory '/home/zjj/Documents/eie/ICV_system/lab1/build/CMakeFiles/CMakeTmp'
make: *** [Makefile:121: cmTC_88783/fast] Error 2


Source file was:
#include <pthread.h>

void* test_func(void* data)
{
  return data;
}

int main(void)
{
  pthread_t thread;
  pthread_create(&thread, NULL, test_func, NULL);
  pthread_detach(thread);
  pthread_join(thread, NULL);
  pthread_atfork(NULL, NULL, NULL);
  pthread_exit(NULL);

  return 0;
}

Determining if the function pthread_create exists in the pthreads failed with the following output:
Change Dir: /home/zjj/Documents/eie/ICV_system/lab1/build/CMakeFiles/CMakeTmp

Run Build Command(s):/usr/bin/make cmTC_3a412/fast && /usr/bin/make -f CMakeFiles/cmTC_3a412.dir/build.make CMakeFiles/cmTC_3a412.dir/build
make[1]: Entering directory '/home/zjj/Documents/eie/ICV_system/lab1/build/CMakeFiles/CMakeTmp'
Building C object CMakeFiles/cmTC_3a412.dir/CheckFunctionExists.c.o
/usr/bin/clang   -DCHECK_FUNCTION_EXISTS=pthread_create   -o CMakeFiles/cmTC_3a412.dir/CheckFunctionExists.c.o   -c /usr/share/cmake-3.16/Modules/CheckFunctionExists.c
Linking C executable cmTC_3a412
/usr/bin/cmake -E cmake_link_script CMakeFiles/cmTC_3a412.dir/link.txt --verbose=1
/usr/bin/clang   -DCHECK_FUNCTION_EXISTS=pthread_create    -rdynamic CMakeFiles/cmTC_3a412.dir/CheckFunctionExists.c.o  -o cmTC_3a412  -lpthreads 
/usr/bin/ld: cannot find -lpthreads
clang: error: linker command failed with exit code 1 (use -v to see invocation)
make[1]: *** [CMakeFiles/cmTC_3a412.dir/build.make:87: cmTC_3a412] Error 1
make[1]: Leaving directory '/home/zjj/Documents/eie/ICV_system/lab1/build/CMakeFiles/CMakeTmp'
make: *** [Makefile:121: cmTC_3a412/fast] Error 2



