Determining if the pthread_create exist failed with the following output:
Change Dir: /home/agilex/Documents/workspace/eie/ICV_system/lab2_melodic_on_car/build/CMakeFiles/CMakeTmp

Run Build Command:"/usr/bin/make" "cmTC_cae3d/fast"
/usr/bin/make -f CMakeFiles/cmTC_cae3d.dir/build.make CMakeFiles/cmTC_cae3d.dir/build
make[1]: Entering directory '/home/agilex/Documents/workspace/eie/ICV_system/lab2_melodic_on_car/build/CMakeFiles/CMakeTmp'
Building C object CMakeFiles/cmTC_cae3d.dir/CheckSymbolExists.c.o
/usr/bin/cc    -o CMakeFiles/cmTC_cae3d.dir/CheckSymbolExists.c.o   -c /home/agilex/Documents/workspace/eie/ICV_system/lab2_melodic_on_car/build/CMakeFiles/CMakeTmp/CheckSymbolExists.c
Linking C executable cmTC_cae3d
/usr/bin/cmake -E cmake_link_script CMakeFiles/cmTC_cae3d.dir/link.txt --verbose=1
/usr/bin/cc      -rdynamic CMakeFiles/cmTC_cae3d.dir/CheckSymbolExists.c.o  -o cmTC_cae3d 
CMakeFiles/cmTC_cae3d.dir/CheckSymbolExists.c.o: In function `main':
CheckSymbolExists.c:(.text+0x14): undefined reference to `pthread_create'
CheckSymbolExists.c:(.text+0x18): undefined reference to `pthread_create'
collect2: error: ld returned 1 exit status
CMakeFiles/cmTC_cae3d.dir/build.make:97: recipe for target 'cmTC_cae3d' failed
make[1]: *** [cmTC_cae3d] Error 1
make[1]: Leaving directory '/home/agilex/Documents/workspace/eie/ICV_system/lab2_melodic_on_car/build/CMakeFiles/CMakeTmp'
Makefile:126: recipe for target 'cmTC_cae3d/fast' failed
make: *** [cmTC_cae3d/fast] Error 2

File /home/agilex/Documents/workspace/eie/ICV_system/lab2_melodic_on_car/build/CMakeFiles/CMakeTmp/CheckSymbolExists.c:
/* */
#include <pthread.h>

int main(int argc, char** argv)
{
  (void)argv;
#ifndef pthread_create
  return ((int*)(&pthread_create))[argc];
#else
  (void)argc;
  return 0;
#endif
}

Determining if the function pthread_create exists in the pthreads failed with the following output:
Change Dir: /home/agilex/Documents/workspace/eie/ICV_system/lab2_melodic_on_car/build/CMakeFiles/CMakeTmp

Run Build Command:"/usr/bin/make" "cmTC_30a43/fast"
/usr/bin/make -f CMakeFiles/cmTC_30a43.dir/build.make CMakeFiles/cmTC_30a43.dir/build
make[1]: Entering directory '/home/agilex/Documents/workspace/eie/ICV_system/lab2_melodic_on_car/build/CMakeFiles/CMakeTmp'
Building C object CMakeFiles/cmTC_30a43.dir/CheckFunctionExists.c.o
/usr/bin/cc   -DCHECK_FUNCTION_EXISTS=pthread_create   -o CMakeFiles/cmTC_30a43.dir/CheckFunctionExists.c.o   -c /usr/share/cmake-3.10/Modules/CheckFunctionExists.c
Linking C executable cmTC_30a43
/usr/bin/cmake -E cmake_link_script CMakeFiles/cmTC_30a43.dir/link.txt --verbose=1
/usr/bin/cc  -DCHECK_FUNCTION_EXISTS=pthread_create    -rdynamic CMakeFiles/cmTC_30a43.dir/CheckFunctionExists.c.o  -o cmTC_30a43 -lpthreads 
/usr/bin/ld: cannot find -lpthreads
collect2: error: ld returned 1 exit status
CMakeFiles/cmTC_30a43.dir/build.make:97: recipe for target 'cmTC_30a43' failed
make[1]: *** [cmTC_30a43] Error 1
make[1]: Leaving directory '/home/agilex/Documents/workspace/eie/ICV_system/lab2_melodic_on_car/build/CMakeFiles/CMakeTmp'
Makefile:126: recipe for target 'cmTC_30a43/fast' failed
make: *** [cmTC_30a43/fast] Error 2


