Determining if the pthread_create exist failed with the following output:
Change Dir: /home/agilex/Documents/workspace/eie/soft/agilex_soft/agx4/build/CMakeFiles/CMakeTmp

Run Build Command:"/usr/bin/make" "cmTC_b28cc/fast"
/usr/bin/make -f CMakeFiles/cmTC_b28cc.dir/build.make CMakeFiles/cmTC_b28cc.dir/build
make[1]: Entering directory '/home/agilex/Documents/workspace/eie/soft/agilex_soft/agx4/build/CMakeFiles/CMakeTmp'
Building C object CMakeFiles/cmTC_b28cc.dir/CheckSymbolExists.c.o
/usr/bin/cc    -o CMakeFiles/cmTC_b28cc.dir/CheckSymbolExists.c.o   -c /home/agilex/Documents/workspace/eie/soft/agilex_soft/agx4/build/CMakeFiles/CMakeTmp/CheckSymbolExists.c
Linking C executable cmTC_b28cc
/usr/bin/cmake -E cmake_link_script CMakeFiles/cmTC_b28cc.dir/link.txt --verbose=1
/usr/bin/cc      -rdynamic CMakeFiles/cmTC_b28cc.dir/CheckSymbolExists.c.o  -o cmTC_b28cc 
CMakeFiles/cmTC_b28cc.dir/CheckSymbolExists.c.o: In function `main':
CheckSymbolExists.c:(.text+0x14): undefined reference to `pthread_create'
CheckSymbolExists.c:(.text+0x18): undefined reference to `pthread_create'
collect2: error: ld returned 1 exit status
CMakeFiles/cmTC_b28cc.dir/build.make:97: recipe for target 'cmTC_b28cc' failed
make[1]: *** [cmTC_b28cc] Error 1
make[1]: Leaving directory '/home/agilex/Documents/workspace/eie/soft/agilex_soft/agx4/build/CMakeFiles/CMakeTmp'
Makefile:126: recipe for target 'cmTC_b28cc/fast' failed
make: *** [cmTC_b28cc/fast] Error 2

File /home/agilex/Documents/workspace/eie/soft/agilex_soft/agx4/build/CMakeFiles/CMakeTmp/CheckSymbolExists.c:
/* */
#include <pthread.h>

int main(int argc, char** argv)
{
  (void)argv;
#ifndef pthread_create
  return ((int*)(&pthread_create))[argc];
#else
  (void)argc;
  return 0;
#endif
}

Determining if the function pthread_create exists in the pthreads failed with the following output:
Change Dir: /home/agilex/Documents/workspace/eie/soft/agilex_soft/agx4/build/CMakeFiles/CMakeTmp

Run Build Command:"/usr/bin/make" "cmTC_c053e/fast"
/usr/bin/make -f CMakeFiles/cmTC_c053e.dir/build.make CMakeFiles/cmTC_c053e.dir/build
make[1]: Entering directory '/home/agilex/Documents/workspace/eie/soft/agilex_soft/agx4/build/CMakeFiles/CMakeTmp'
Building C object CMakeFiles/cmTC_c053e.dir/CheckFunctionExists.c.o
/usr/bin/cc   -DCHECK_FUNCTION_EXISTS=pthread_create   -o CMakeFiles/cmTC_c053e.dir/CheckFunctionExists.c.o   -c /usr/share/cmake-3.10/Modules/CheckFunctionExists.c
Linking C executable cmTC_c053e
/usr/bin/cmake -E cmake_link_script CMakeFiles/cmTC_c053e.dir/link.txt --verbose=1
/usr/bin/cc  -DCHECK_FUNCTION_EXISTS=pthread_create    -rdynamic CMakeFiles/cmTC_c053e.dir/CheckFunctionExists.c.o  -o cmTC_c053e -lpthreads 
/usr/bin/ld: cannot find -lpthreads
collect2: error: ld returned 1 exit status
CMakeFiles/cmTC_c053e.dir/build.make:97: recipe for target 'cmTC_c053e' failed
make[1]: *** [cmTC_c053e] Error 1
make[1]: Leaving directory '/home/agilex/Documents/workspace/eie/soft/agilex_soft/agx4/build/CMakeFiles/CMakeTmp'
Makefile:126: recipe for target 'cmTC_c053e/fast' failed
make: *** [cmTC_c053e/fast] Error 2


