agilex@xavier:~$ rosrun camera_calibration cameracalibrator.py --size 8x6 --square 0.108 image:=/camera/color/image_raw --no-service-check
Gtk-Message: 16:28:36.977: Failed to load module "canberra-gtk-module"
*** Added sample 1, p_x = 0.769, p_y = 0.000, p_size = 0.449, skew = 0.125
*** Added sample 2, p_x = 0.506, p_y = 0.003, p_size = 0.526, skew = 0.124
*** Added sample 3, p_x = 0.480, p_y = 0.121, p_size = 0.495, skew = 0.097
*** Added sample 4, p_x = 0.411, p_y = 0.085, p_size = 0.492, skew = 0.003
*** Added sample 5, p_x = 0.418, p_y = 0.050, p_size = 0.498, skew = 0.165
*** Added sample 6, p_x = 0.425, p_y = 0.222, p_size = 0.513, skew = 0.175
*** Added sample 7, p_x = 0.439, p_y = 0.349, p_size = 0.482, skew = 0.207
*** Added sample 8, p_x = 0.436, p_y = 0.191, p_size = 0.544, skew = 0.045
*** Added sample 9, p_x = 0.383, p_y = 0.244, p_size = 0.463, skew = 0.027
*** Added sample 10, p_x = 0.310, p_y = 0.198, p_size = 0.492, skew = 0.127
*** Added sample 11, p_x = 0.340, p_y = 0.092, p_size = 0.511, skew = 0.256
*** Added sample 12, p_x = 0.345, p_y = 0.179, p_size = 0.496, skew = 0.375
*** Added sample 13, p_x = 0.344, p_y = 0.300, p_size = 0.480, skew = 0.437
*** Added sample 14, p_x = 0.351, p_y = 0.432, p_size = 0.447, skew = 0.466
*** Added sample 15, p_x = 0.340, p_y = 0.399, p_size = 0.476, skew = 0.319
*** Added sample 16, p_x = 0.342, p_y = 0.193, p_size = 0.449, skew = 0.784
*** Added sample 17, p_x = 0.353, p_y = 0.204, p_size = 0.422, skew = 0.624
*** Added sample 18, p_x = 0.273, p_y = 0.176, p_size = 0.444, skew = 0.302
*** Added sample 19, p_x = 0.248, p_y = 0.115, p_size = 0.475, skew = 0.194
*** Added sample 20, p_x = 0.278, p_y = 0.025, p_size = 0.511, skew = 0.140
*** Added sample 21, p_x = 0.410, p_y = 0.000, p_size = 0.628, skew = 0.187
*** Added sample 22, p_x = 0.487, p_y = 0.168, p_size = 0.433, skew = 0.008
*** Added sample 23, p_x = 0.574, p_y = 0.197, p_size = 0.437, skew = 0.099
*** Added sample 24, p_x = 0.601, p_y = 0.221, p_size = 0.431, skew = 0.241
*** Added sample 25, p_x = 0.572, p_y = 0.097, p_size = 0.464, skew = 0.205
*** Added sample 26, p_x = 0.560, p_y = 0.046, p_size = 0.462, skew = 0.382
*** Added sample 27, p_x = 0.533, p_y = 0.170, p_size = 0.436, skew = 0.408
*** Added sample 28, p_x = 0.534, p_y = 0.234, p_size = 0.437, skew = 0.549
*** Added sample 29, p_x = 0.537, p_y = 0.286, p_size = 0.429, skew = 0.692
*** Added sample 30, p_x = 0.523, p_y = 0.368, p_size = 0.457, skew = 0.308
*** Added sample 31, p_x = 0.520, p_y = 0.462, p_size = 0.440, skew = 0.397
*** Added sample 32, p_x = 0.477, p_y = 0.201, p_size = 0.499, skew = 0.500
*** Added sample 33, p_x = 0.498, p_y = 0.696, p_size = 0.679, skew = 0.850
*** Added sample 34, p_x = 0.498, p_y = 0.626, p_size = 0.582, skew = 0.891
*** Added sample 35, p_x = 0.549, p_y = 0.568, p_size = 0.580, skew = 0.791
*** Added sample 36, p_x = 0.566, p_y = 0.478, p_size = 0.611, skew = 0.704
*** Added sample 37, p_x = 0.584, p_y = 0.338, p_size = 0.641, skew = 0.662
*** Added sample 38, p_x = 0.606, p_y = 0.123, p_size = 0.658, skew = 0.616
*** Added sample 39, p_x = 0.610, p_y = 0.000, p_size = 0.666, skew = 0.508
*** Added sample 40, p_x = 0.613, p_y = 0.000, p_size = 0.688, skew = 0.316
*** Added sample 41, p_x = 0.599, p_y = 0.380, p_size = 0.587, skew = 0.763
*** Added sample 42, p_x = 0.612, p_y = 0.337, p_size = 0.537, skew = 0.591
*** Added sample 43, p_x = 0.597, p_y = 0.283, p_size = 0.534, skew = 0.453
**** Calibrating ****
mono pinhole calibration...
D = [0.11426606707533345, -0.15562153840740992, -0.005379615678369349, 0.01541643539074522, 0.0]
K = [616.5634597912399, 0.0, 347.96738183768224, 0.0, 616.331759861281, 233.14679730684844, 0.0, 0.0, 1.0]
R = [1.0, 0.0, 0.0, 0.0, 1.0, 0.0, 0.0, 0.0, 1.0]
P = [628.7986450195312, 0.0, 356.3721504787718, 0.0, 0.0, 637.5194091796875, 231.08850071281267, 0.0, 0.0, 0.0, 1.0, 0.0]
None
# oST version 5.0 parameters


[image]

width
640

height
480

[narrow_stereo]

camera matrix
616.563460 0.000000 347.967382
0.000000 616.331760 233.146797
0.000000 0.000000 1.000000

distortion
0.114266 -0.155622 -0.005380 0.015416 0.000000

rectification
1.000000 0.000000 0.000000
0.000000 1.000000 0.000000
0.000000 0.000000 1.000000

projection
628.798645 0.000000 356.372150 0.000000
0.000000 637.519409 231.088501 0.000000
0.000000 0.000000 1.000000 0.000000

**** Calibrating ****
mono pinhole calibration...
D = [0.11426606707533345, -0.15562153840740992, -0.005379615678369349, 0.01541643539074522, 0.0]
K = [616.5634597912399, 0.0, 347.96738183768224, 0.0, 616.331759861281, 233.14679730684844, 0.0, 0.0, 1.0]
R = [1.0, 0.0, 0.0, 0.0, 1.0, 0.0, 0.0, 0.0, 1.0]
P = [628.7986450195312, 0.0, 356.3721504787718, 0.0, 0.0, 637.5194091796875, 231.08850071281267, 0.0, 0.0, 0.0, 1.0, 0.0]
None
# oST version 5.0 parameters


[image]

width
640

height
480

[narrow_stereo]

camera matrix
616.563460 0.000000 347.967382
0.000000 616.331760 233.146797
0.000000 0.000000 1.000000

distortion
0.114266 -0.155622 -0.005380 0.015416 0.000000

rectification
1.000000 0.000000 0.000000
0.000000 1.000000 0.000000
0.000000 0.000000 1.000000

projection
628.798645 0.000000 356.372150 0.000000
0.000000 637.519409 231.088501 0.000000
0.000000 0.000000 1.000000 0.000000

**** Calibrating ****
mono pinhole calibration...
D = [0.11426606707533345, -0.15562153840740992, -0.005379615678369349, 0.01541643539074522, 0.0]
K = [616.5634597912399, 0.0, 347.96738183768224, 0.0, 616.331759861281, 233.14679730684844, 0.0, 0.0, 1.0]
R = [1.0, 0.0, 0.0, 0.0, 1.0, 0.0, 0.0, 0.0, 1.0]
P = [628.7986450195312, 0.0, 356.3721504787718, 0.0, 0.0, 637.5194091796875, 231.08850071281267, 0.0, 0.0, 0.0, 1.0, 0.0]
None
# oST version 5.0 parameters


[image]

width
640

height
480

[narrow_stereo]

camera matrix
616.563460 0.000000 347.967382
0.000000 616.331760 233.146797
0.000000 0.000000 1.000000

distortion
0.114266 -0.155622 -0.005380 0.015416 0.000000

rectification
1.000000 0.000000 0.000000
0.000000 1.000000 0.000000
0.000000 0.000000 1.000000

projection
628.798645 0.000000 356.372150 0.000000
0.000000 637.519409 231.088501 0.000000
0.000000 0.000000 1.000000 0.000000

**** Calibrating ****
mono pinhole calibration...
D = [0.11426606707533345, -0.15562153840740992, -0.005379615678369349, 0.01541643539074522, 0.0]
K = [616.5634597912399, 0.0, 347.96738183768224, 0.0, 616.331759861281, 233.14679730684844, 0.0, 0.0, 1.0]
R = [1.0, 0.0, 0.0, 0.0, 1.0, 0.0, 0.0, 0.0, 1.0]
P = [628.7986450195312, 0.0, 356.3721504787718, 0.0, 0.0, 637.5194091796875, 231.08850071281267, 0.0, 0.0, 0.0, 1.0, 0.0]
None
# oST version 5.0 parameters


[image]

width
640

height
480

[narrow_stereo]

camera matrix
616.563460 0.000000 347.967382
0.000000 616.331760 233.146797
0.000000 0.000000 1.000000

distortion
0.114266 -0.155622 -0.005380 0.015416 0.000000

rectification
1.000000 0.000000 0.000000
0.000000 1.000000 0.000000
0.000000 0.000000 1.000000

projection
628.798645 0.000000 356.372150 0.000000
0.000000 637.519409 231.088501 0.000000
0.000000 0.000000 1.000000 0.000000

**** Calibrating ****
mono pinhole calibration...
D = [0.11426606707533345, -0.15562153840740992, -0.005379615678369349, 0.01541643539074522, 0.0]
K = [616.5634597912399, 0.0, 347.96738183768224, 0.0, 616.331759861281, 233.14679730684844, 0.0, 0.0, 1.0]
R = [1.0, 0.0, 0.0, 0.0, 1.0, 0.0, 0.0, 0.0, 1.0]
P = [628.7986450195312, 0.0, 356.3721504787718, 0.0, 0.0, 637.5194091796875, 231.08850071281267, 0.0, 0.0, 0.0, 1.0, 0.0]
None
# oST version 5.0 parameters


[image]

width
640

height
480

[narrow_stereo]

camera matrix
616.563460 0.000000 347.967382
0.000000 616.331760 233.146797
0.000000 0.000000 1.000000

distortion
0.114266 -0.155622 -0.005380 0.015416 0.000000

rectification
1.000000 0.000000 0.000000
0.000000 1.000000 0.000000
0.000000 0.000000 1.000000

projection
628.798645 0.000000 356.372150 0.000000
0.000000 637.519409 231.088501 0.000000
0.000000 0.000000 1.000000 0.000000

('Wrote calibration data to', '/tmp/calibrationdata.tar.gz')
('Wrote calibration data to', '/tmp/calibrationdata.tar.gz')
('Wrote calibration data to', '/tmp/calibrationdata.tar.gz')
